<?xml version="1.0" encoding="UTF-8"?>
<!-- Generated by org.testng.reporters.JUnitReportReporter -->
<testsuite skipped="0" hostname="mabinnal" name="com.training.regression.tests.LoginDBTest" tests="2" failures="0" timestamp="26 Jun 2019 05:27:47 GMT" time="104.725" errors="0">
  <testcase name="loginDBTest" time="47.287" classname="com.training.regression.tests.LoginDBTest"/>
  <testcase name="loginDBTest" time="57.438" classname="com.training.regression.tests.LoginDBTest"/>
</testsuite> <!-- com.training.regression.tests.LoginDBTest -->
