<?xml version="1.0" encoding="UTF-8"?>
<!-- Generated by org.testng.reporters.JUnitReportReporter -->
<testsuite skipped="0" hostname="mabinnal" name="com.training.sanity.tests.Case1" tests="1" failures="0" timestamp="26 Jun 2019 05:56:16 GMT" time="53.527" errors="0">
  <testcase name="validLoginTest" time="53.527" classname="com.training.sanity.tests.Case1"/>
</testsuite> <!-- com.training.sanity.tests.Case1 -->
