<?xml version="1.0" encoding="UTF-8"?>
<!-- Generated by org.testng.reporters.JUnitReportReporter -->
<testsuite skipped="0" hostname="mabinnal" name="com.training.sanity.tests.AdminLogin" tests="1" failures="0" timestamp="26 Jun 2019 10:20:03 GMT" time="26.521" errors="0">
  <testcase name="validLoginTest" time="26.521" classname="com.training.sanity.tests.AdminLogin"/>
</testsuite> <!-- com.training.sanity.tests.AdminLogin -->
