<?xml version="1.0" encoding="UTF-8"?>
<!-- Generated by org.testng.reporters.JUnitReportReporter -->
<testsuite skipped="0" hostname="mabinnal" name="com.training.sanity.tests.UserDelete1" tests="1" failures="0" timestamp="26 Jun 2019 05:59:44 GMT" time="54.274" errors="0">
  <testcase name="validLoginTest" time="54.274" classname="com.training.sanity.tests.UserDelete1"/>
</testsuite> <!-- com.training.sanity.tests.UserDelete1 -->
