<?xml version="1.0" encoding="UTF-8"?>
<!-- Generated by org.testng.reporters.JUnitReportReporter -->
<testsuite skipped="0" hostname="mabinnal" name="com.training.sanity.tests.ViewPost" tests="1" failures="0" timestamp="11 Jul 2019 07:14:44 GMT" time="56.619" errors="0">
  <testcase name="validLoginTest" time="56.619" classname="com.training.sanity.tests.ViewPost"/>
</testsuite> <!-- com.training.sanity.tests.ViewPost -->
