<?xml version="1.0" encoding="UTF-8"?>
<!-- Generated by org.testng.reporters.JUnitReportReporter -->
<testsuite skipped="0" hostname="mabinnal" name="com.training.sanity.tests.PropertyCreate" tests="1" failures="0" timestamp="05 Jul 2019 11:27:37 GMT" time="55.298" errors="0">
  <testcase name="validLoginTest" time="55.298" classname="com.training.sanity.tests.PropertyCreate"/>
</testsuite> <!-- com.training.sanity.tests.PropertyCreate -->
